{"target": 330.3189392089844, "params": {"r1": 208.28084371521464, "r2": 284.1171120802406, "r3": 191.03020981526524, "r4": 157.00524695445324, "r5": 180.54581464302035, "r6": 287.05361216094275, "r7": 288.00499244872776}, "datetime": {"datetime": "2022-04-28 00:16:26", "elapsed": 1.30706, "delta": 0.01853}}
{"target": 330.3189392089844, "params": {"r1": 270.42269022748553, "r2": 284.8392377180755, "r3": 153.30105509075022, "r4": 126.62161981518227, "r5": 153.18884989409088, "r6": 169.73155706166958, "r7": 143.2055165076992}, "datetime": {"datetime": "2022-04-28 00:16:26", "elapsed": 1.325595, "delta": 0.018535}}
{"target": 330.3189392089844, "params": {"r1": 225.3478907747675, "r2": 188.58141885022064, "r3": 265.1067872471707, "r4": 145.1747756711158, "r5": 243.35654065369897, "r6": 155.66756872133638, "r7": 219.10162687976333}, "datetime": {"datetime": "2022-04-28 00:16:26", "elapsed": 1.344129, "delta": 0.018534}}
{"target": 330.3189392089844, "params": {"r1": 176.3076434719499, "r2": 120.82323590173822, "r3": 153.4745974824714, "r4": 236.17948551741074, "r5": 204.47751773850092, "r6": 208.613036973999, "r7": 143.19682852069528}, "datetime": {"datetime": "2022-04-28 00:16:26", "elapsed": 1.362946, "delta": 0.018817}}
{"target": 330.3189392089844, "params": {"r1": 218.4360117937887, "r2": 299.38315078955986, "r3": 265.1986706704082, "r4": 222.93079852788577, "r5": 295.4379229828719, "r6": 281.29689108717105, "r7": 223.16550738450263}, "datetime": {"datetime": "2022-04-28 00:16:26", "elapsed": 1.382039, "delta": 0.019093}}
{"target": 330.3189392089844, "params": {"r1": 116.16100180974685, "r2": 127.77964820532134, "r3": 122.42062585802302, "r4": 195.8292982513803, "r5": 181.33261830189298, "r6": 295.3165065113544, "r7": 141.91682570792682}, "datetime": {"datetime": "2022-04-28 00:16:26", "elapsed": 1.401121, "delta": 0.019082}}
{"target": 330.3189392089844, "params": {"r1": 294.8296424672045, "r2": 255.82022508397247, "r3": 266.6051895286546, "r4": 230.19700518781949, "r5": 237.0592263392791, "r6": 200.60764336902673, "r7": 112.49590781538373}, "datetime": {"datetime": "2022-04-28 00:16:26", "elapsed": 1.420167, "delta": 0.019046}}
{"target": 330.3189392089844, "params": {"r1": 177.0711562529467, "r2": 203.49364228377613, "r3": 248.71733010711984, "r4": 199.03938512176074, "r5": 196.90693405699201, "r6": 136.1559207796646, "r7": 112.068859422661}, "datetime": {"datetime": "2022-04-28 00:16:26", "elapsed": 1.439262, "delta": 0.019095}}
{"target": 330.3189392089844, "params": {"r1": 254.07286949062927, "r2": 170.7910392347589, "r3": 297.03285553676704, "r4": 151.84450297023963, "r5": 174.35452484151915, "r6": 209.54026577656504, "r7": 253.4293768415012}, "datetime": {"datetime": "2022-04-28 00:16:26", "elapsed": 1.458323, "delta": 0.019061}}
{"target": 330.3189392089844, "params": {"r1": 198.13297894105617, "r2": 133.7162831912185, "r3": 169.3752619134894, "r4": 205.85864224318897, "r5": 238.03131152320486, "r6": 256.3284916992975, "r7": 134.76379838132732}, "datetime": {"datetime": "2022-04-28 00:16:26", "elapsed": 1.477438, "delta": 0.019115}}
{"target": 330.3189392089844, "params": {"r1": 114.35387495125254, "r2": 208.625641220278, "r3": 263.8978550258591, "r4": 112.3947157356765, "r5": 237.76927048420944, "r6": 240.49356306482844, "r7": 195.35688318146114}, "datetime": {"datetime": "2022-04-28 00:16:26", "elapsed": 1.496313, "delta": 0.018875}}
{"target": 330.3189392089844, "params": {"r1": 283.8098504809675, "r2": 232.42860610382866, "r3": 110.99556915377852, "r4": 202.04140464773135, "r5": 273.270383158544, "r6": 267.77591830709446, "r7": 233.33929745137078}, "datetime": {"datetime": "2022-04-28 00:16:26", "elapsed": 1.514967, "delta": 0.018654}}
{"target": 330.3189392089844, "params": {"r1": 238.00270054074002, "r2": 219.9149201599481, "r3": 162.0827572817019, "r4": 216.50069820185115, "r5": 237.62865911530986, "r6": 176.9616297411177, "r7": 272.6073897782463}, "datetime": {"datetime": "2022-04-28 00:16:26", "elapsed": 1.533581, "delta": 0.018614}}
{"target": 330.3189392089844, "params": {"r1": 147.05712234165438, "r2": 251.9909539630654, "r3": 165.0245217755067, "r4": 257.0218645763946, "r5": 191.27009257385447, "r6": 263.4626977313198, "r7": 177.17162390691817}, "datetime": {"datetime": "2022-04-28 00:16:26", "elapsed": 1.552151, "delta": 0.01857}}
{"target": 330.3189392089844, "params": {"r1": 150.60171514962042, "r2": 255.78405660013564, "r3": 168.64197004982373, "r4": 249.31656286802124, "r5": 251.4498990847691, "r6": 152.0653731725582, "r7": 150.6813059959232}, "datetime": {"datetime": "2022-04-28 00:16:26", "elapsed": 1.570725, "delta": 0.018574}}
{"target": 330.3189392089844, "params": {"r1": 147.80010545114266, "r2": 137.07848417551048, "r3": 181.64569384939347, "r4": 115.05929809140808, "r5": 131.07487011650574, "r6": 238.167164515048, "r7": 261.9575420105034}, "datetime": {"datetime": "2022-04-28 00:16:26", "elapsed": 1.589243, "delta": 0.018518}}
{"target": 330.3189392089844, "params": {"r1": 125.30061015439333, "r2": 154.0234389923005, "r3": 149.44887574272474, "r4": 284.2933769855098, "r5": 245.14975844593246, "r6": 215.2380760997687, "r7": 167.85841770491785}, "datetime": {"datetime": "2022-04-28 00:16:26", "elapsed": 1.607652, "delta": 0.018409}}
{"target": 330.3189392089844, "params": {"r1": 268.6222690500417, "r2": 192.7081319496088, "r3": 285.4566808725673, "r4": 244.1498428238273, "r5": 200.82594851340383, "r6": 133.97991971237815, "r7": 295.44827458887204}, "datetime": {"datetime": "2022-04-28 00:16:26", "elapsed": 1.626072, "delta": 0.01842}}
{"target": 330.3189392089844, "params": {"r1": 140.36839356537774, "r2": 148.4944037917359, "r3": 191.92453348047047, "r4": 186.79836209727796, "r5": 137.88278134521588, "r6": 248.57059467861345, "r7": 145.86156270666532}, "datetime": {"datetime": "2022-04-28 00:16:26", "elapsed": 1.644497, "delta": 0.018425}}
{"target": 330.3189392089844, "params": {"r1": 232.34017241921595, "r2": 253.31813060949676, "r3": 150.03915449583093, "r4": 224.1813071404516, "r5": 252.29639129670892, "r6": 231.26155501786334, "r7": 223.45418755986333}, "datetime": {"datetime": "2022-04-28 00:16:26", "elapsed": 1.662912, "delta": 0.018415}}
{"target": 330.3189392089844, "params": {"r1": 166.14163427454446, "r2": 249.00522953588668, "r3": 289.6086035999905, "r4": 190.85666414969393, "r5": 258.614545197967, "r6": 120.6667975357639, "r7": 268.70160447309354}, "datetime": {"datetime": "2022-04-28 00:16:26", "elapsed": 1.681335, "delta": 0.018423}}
{"target": 330.3189392089844, "params": {"r1": 146.52750319620807, "r2": 185.0684050890949, "r3": 167.01539872581773, "r4": 125.21969232314936, "r5": 281.87989055788614, "r6": 180.32929373521029, "r7": 210.83251331046648}, "datetime": {"datetime": "2022-04-28 00:16:26", "elapsed": 1.699758, "delta": 0.018423}}
{"target": 330.3189392089844, "params": {"r1": 203.88209052030174, "r2": 135.11061696915826, "r3": 149.22627118899226, "r4": 124.47587371614102, "r5": 206.50512298960462, "r6": 159.69441484826754, "r7": 177.84170568773047}, "datetime": {"datetime": "2022-04-28 00:16:26", "elapsed": 1.718182, "delta": 0.018424}}
{"target": 330.3189392089844, "params": {"r1": 130.532412452475, "r2": 259.63484953397636, "r3": 130.2509365898722, "r4": 297.2846765055057, "r5": 143.6606212432993, "r6": 218.75697136258339, "r7": 118.52061357192675}, "datetime": {"datetime": "2022-04-28 00:16:26", "elapsed": 1.736616, "delta": 0.018434}}
{"target": 330.3189392089844, "params": {"r1": 259.5520950346085, "r2": 146.02513008547635, "r3": 210.30175589754407, "r4": 250.6147332002236, "r5": 138.48698213427863, "r6": 214.70656309552464, "r7": 151.15726958246807}, "datetime": {"datetime": "2022-04-28 00:16:26", "elapsed": 1.755061, "delta": 0.018445}}
{"target": 330.3189392089844, "params": {"r1": 254.2472493702575, "r2": 247.3538867756806, "r3": 143.54431651264576, "r4": 273.77364595674396, "r5": 113.75726890810542, "r6": 273.4450295103919, "r7": 216.19172412057827}, "datetime": {"datetime": "2022-04-28 00:16:26", "elapsed": 1.773481, "delta": 0.01842}}
{"target": 330.3189392089844, "params": {"r1": 186.61188970011136, "r2": 254.16191689424394, "r3": 246.21651032156927, "r4": 297.591973213601, "r5": 162.83615923646673, "r6": 110.72079775777509, "r7": 287.4414955798287}, "datetime": {"datetime": "2022-04-28 00:16:26", "elapsed": 1.791915, "delta": 0.018434}}
{"target": 330.3189392089844, "params": {"r1": 273.00044986219984, "r2": 248.48166672865864, "r3": 208.1708687550923, "r4": 244.3216865972646, "r5": 258.30061580658116, "r6": 181.2264292720033, "r7": 256.3612798126919}, "datetime": {"datetime": "2022-04-28 00:16:26", "elapsed": 1.810356, "delta": 0.018441}}
{"target": 330.3189392089844, "params": {"r1": 252.61862064328332, "r2": 226.51013019340934, "r3": 186.35452555388912, "r4": 242.48852366022479, "r5": 110.5914429867865, "r6": 257.23036287767354, "r7": 280.3191544668009}, "datetime": {"datetime": "2022-04-28 00:16:26", "elapsed": 1.82879, "delta": 0.018434}}
{"target": 330.3189392089844, "params": {"r1": 155.46998441312587, "r2": 132.94576501875366, "r3": 151.85395768080824, "r4": 167.39837894511868, "r5": 277.7754166271285, "r6": 213.20162174523796, "r7": 164.4752134252218}, "datetime": {"datetime": "2022-04-28 00:16:26", "elapsed": 1.847244, "delta": 0.018454}}
