{"target": 330.3189392089844, "params": {"r1": 189.23418089348905, "r2": 246.86165375401004, "r3": 110.02173121529553, "r4": 167.44318880004954, "r5": 137.8836192552515, "r6": 127.54433300607158, "r7": 145.38944016175748}, "datetime": {"datetime": "2022-04-28 00:16:25", "elapsed": 0.0, "delta": 0.0}}
{"target": 330.3189392089844, "params": {"r1": 175.6565381381791, "r2": 185.38582010382729, "r3": 212.3751794606378, "r4": 189.646957736626, "r5": 240.1917050753843, "r6": 148.8459274489883, "r7": 276.84231291427966}, "datetime": {"datetime": "2022-04-28 00:16:25", "elapsed": 0.019957, "delta": 0.019957}}
{"target": 330.3189392089844, "params": {"r1": 115.20364270760597, "r2": 237.38882693389644, "r3": 189.28791244975412, "r4": 216.1510674046928, "r5": 136.67351833309442, "r6": 147.63928292612695, "r7": 262.14146804835195}, "datetime": {"datetime": "2022-04-28 00:16:25", "elapsed": 0.039736, "delta": 0.019779}}
{"target": 330.3189392089844, "params": {"r1": 293.96969938668553, "r2": 169.55059385025615, "r3": 241.54129697716968, "r4": 276.5139389362473, "r5": 279.975266065731, "r6": 126.1584001602578, "r7": 117.42040881424765}, "datetime": {"datetime": "2022-04-28 00:16:25", "elapsed": 0.059528, "delta": 0.019792}}
{"target": 330.3189392089844, "params": {"r1": 142.2677797172681, "r2": 276.8470756515885, "r3": 128.68589842827953, "r4": 190.0104487509599, "r5": 291.9990107285954, "r6": 211.30140414487323, "r7": 241.45665165058995}, "datetime": {"datetime": "2022-04-28 00:16:25", "elapsed": 0.079318, "delta": 0.01979}}
{"target": 330.3189392089844, "params": {"r1": 169.94796989115196, "r2": 240.4351762595009, "r3": 268.5788776605009, "r4": 113.47477269539644, "r5": 252.52741983954382, "r6": 297.88360689223396, "r7": 252.15147433216947}, "datetime": {"datetime": "2022-04-28 00:16:25", "elapsed": 0.099091, "delta": 0.019773}}
{"target": 330.3189392089844, "params": {"r1": 163.28435849223698, "r2": 259.9630724057828, "r3": 129.612941249752, "r4": 195.09976997342199, "r5": 282.63314558768815, "r6": 165.7866881909991, "r7": 164.67731433140625}, "datetime": {"datetime": "2022-04-28 00:16:25", "elapsed": 0.118878, "delta": 0.019787}}
{"target": 330.3189392089844, "params": {"r1": 134.70542870247277, "r2": 113.67972199535645, "r3": 238.97875125857928, "r4": 150.20934204001122, "r5": 160.453865280723, "r6": 203.3989002632643, "r7": 120.13888357224528}, "datetime": {"datetime": "2022-04-28 00:16:25", "elapsed": 0.13866, "delta": 0.019782}}
{"target": 330.3189392089844, "params": {"r1": 219.0823450434825, "r2": 137.87842923210394, "r3": 221.96805201162402, "r4": 242.95408840397693, "r5": 129.4435414772869, "r6": 188.67063768571796, "r7": 241.93602996827158}, "datetime": {"datetime": "2022-04-28 00:16:25", "elapsed": 0.158448, "delta": 0.019788}}
{"target": 330.3189392089844, "params": {"r1": 188.6940612101115, "r2": 119.49115719975656, "r3": 211.8203171239472, "r4": 236.12098259175986, "r5": 207.82893129107862, "r6": 289.47300363825457, "r7": 221.44545769537865}, "datetime": {"datetime": "2022-04-28 00:16:25", "elapsed": 0.178245, "delta": 0.019797}}
{"target": 330.3189392089844, "params": {"r1": 281.64636390469786, "r2": 136.12019378778513, "r3": 136.46250597764413, "r4": 263.40434485480955, "r5": 185.55859902725138, "r6": 141.4172974522172, "r7": 286.2266302752464}, "datetime": {"datetime": "2022-04-28 00:16:25", "elapsed": 0.196757, "delta": 0.018512}}
{"target": 330.3189392089844, "params": {"r1": 176.07551335164624, "r2": 252.65429959586956, "r3": 247.9396172165858, "r4": 277.8281573291039, "r5": 228.4977193405657, "r6": 252.67906246519405, "r7": 176.2906849757901}, "datetime": {"datetime": "2022-04-28 00:16:25", "elapsed": 0.21523, "delta": 0.018473}}
{"target": 330.3189392089844, "params": {"r1": 161.28629943535495, "r2": 280.2183814572527, "r3": 191.33732607554603, "r4": 293.31960895819327, "r5": 236.05388458550513, "r6": 228.12218683973313, "r7": 131.80173486114128}, "datetime": {"datetime": "2022-04-28 00:16:25", "elapsed": 0.233717, "delta": 0.018487}}
{"target": 330.3189392089844, "params": {"r1": 290.40295915434353, "r2": 195.48330536118868, "r3": 219.89402673355505, "r4": 187.54599252464342, "r5": 155.03512624617525, "r6": 281.6421089068282, "r7": 218.9991024677343}, "datetime": {"datetime": "2022-04-28 00:16:25", "elapsed": 0.252212, "delta": 0.018495}}
{"target": 330.3189392089844, "params": {"r1": 110.5453621359202, "r2": 227.25753358793753, "r3": 172.06253133669827, "r4": 210.14103942894576, "r5": 278.32899886904715, "r6": 177.88125440047497, "r7": 282.6216786747618}, "datetime": {"datetime": "2022-04-28 00:16:25", "elapsed": 0.270704, "delta": 0.018492}}
{"target": 330.3189392089844, "params": {"r1": 228.43842200044253, "r2": 113.0060361408457, "r3": 286.59307441131466, "r4": 241.27041432821554, "r5": 299.4913415857813, "r6": 142.74469658561242, "r7": 136.0557924294868}, "datetime": {"datetime": "2022-04-28 00:16:25", "elapsed": 0.289217, "delta": 0.018513}}
{"target": 330.3189392089844, "params": {"r1": 287.19313797706104, "r2": 242.39545068308104, "r3": 122.54003281719187, "r4": 253.5379799944686, "r5": 253.23647580763682, "r6": 285.37466175383184, "r7": 245.18970413940963}, "datetime": {"datetime": "2022-04-28 00:16:25", "elapsed": 0.307689, "delta": 0.018472}}
{"target": 330.3189392089844, "params": {"r1": 133.6114827747113, "r2": 113.77722542956116, "r3": 114.98008750676667, "r4": 115.37823272395097, "r5": 156.78010284457872, "r6": 273.4053102497487, "r7": 212.37790222491404}, "datetime": {"datetime": "2022-04-28 00:16:25", "elapsed": 0.326171, "delta": 0.018482}}
{"target": 330.3189392089844, "params": {"r1": 215.0361759502955, "r2": 269.9858695483251, "r3": 133.59292987278312, "r4": 163.0448990121165, "r5": 221.29426157707468, "r6": 294.2231921807381, "r7": 216.59574165858487}, "datetime": {"datetime": "2022-04-28 00:16:25", "elapsed": 0.344672, "delta": 0.018501}}
{"target": 330.3189392089844, "params": {"r1": 113.54298498085917, "r2": 262.1202078093171, "r3": 154.2651120297939, "r4": 263.34998716756803, "r5": 183.69352237219263, "r6": 274.0729523662915, "r7": 251.95311212006507}, "datetime": {"datetime": "2022-04-28 00:16:25", "elapsed": 0.363156, "delta": 0.018484}}
{"target": 330.3189392089844, "params": {"r1": 215.68564445817958, "r2": 135.92649287553016, "r3": 121.38436100732022, "r4": 133.0552565907401, "r5": 118.46485692350473, "r6": 130.42388453015764, "r7": 152.8847743354924}, "datetime": {"datetime": "2022-04-28 00:16:25", "elapsed": 0.38166, "delta": 0.018504}}
{"target": 330.3189392089844, "params": {"r1": 245.46790627270857, "r2": 216.34622659028707, "r3": 112.38563623023201, "r4": 123.67511314100248, "r5": 293.7825027000517, "r6": 217.939087764789, "r7": 148.62571458558818}, "datetime": {"datetime": "2022-04-28 00:16:25", "elapsed": 0.400148, "delta": 0.018488}}
{"target": 330.3189392089844, "params": {"r1": 157.94189146836146, "r2": 251.32691227426767, "r3": 147.13160141077057, "r4": 220.458196181919, "r5": 294.30379792677934, "r6": 270.8974722831067, "r7": 155.57107423804138}, "datetime": {"datetime": "2022-04-28 00:16:25", "elapsed": 0.418683, "delta": 0.018535}}
{"target": 330.3189392089844, "params": {"r1": 203.81624571105868, "r2": 227.79158649246216, "r3": 267.50637091453393, "r4": 139.79036498275602, "r5": 113.5294784137078, "r6": 123.30420730665224, "r7": 202.40557107803605}, "datetime": {"datetime": "2022-04-28 00:16:25", "elapsed": 0.437164, "delta": 0.018481}}
{"target": 330.3189392089844, "params": {"r1": 225.20259771413276, "r2": 218.08177304643146, "r3": 170.29885777121055, "r4": 297.83706933836527, "r5": 220.1515916567014, "r6": 182.2268227984746, "r7": 214.6801616324004}, "datetime": {"datetime": "2022-04-28 00:16:25", "elapsed": 0.45566, "delta": 0.018496}}
{"target": 330.3189392089844, "params": {"r1": 251.6135418722354, "r2": 237.15424975610506, "r3": 160.33471595593377, "r4": 122.6036185414039, "r5": 180.31599760368022, "r6": 229.64632633409724, "r7": 149.9330618838195}, "datetime": {"datetime": "2022-04-28 00:16:25", "elapsed": 0.47414, "delta": 0.01848}}
{"target": 330.3189392089844, "params": {"r1": 253.02355521037464, "r2": 122.64193145728184, "r3": 159.4598687299228, "r4": 262.90336711123564, "r5": 146.75251369843227, "r6": 231.49756736718862, "r7": 209.6873587335094}, "datetime": {"datetime": "2022-04-28 00:16:25", "elapsed": 0.492631, "delta": 0.018491}}
{"target": 330.3189392089844, "params": {"r1": 285.7135143758766, "r2": 160.0263863925511, "r3": 122.53260722996453, "r4": 249.6625330248472, "r5": 256.7138256132169, "r6": 282.4850119756696, "r7": 287.0746931473991}, "datetime": {"datetime": "2022-04-28 00:16:25", "elapsed": 0.511115, "delta": 0.018484}}
{"target": 330.3189392089844, "params": {"r1": 112.65079886536343, "r2": 154.5287963630699, "r3": 227.18788783031493, "r4": 290.3131009306471, "r5": 290.5334626569452, "r6": 215.76410575707973, "r7": 283.9652064555921}, "datetime": {"datetime": "2022-04-28 00:16:25", "elapsed": 0.529609, "delta": 0.018494}}
{"target": 330.3189392089844, "params": {"r1": 231.8975796998041, "r2": 184.10146568683678, "r3": 202.33822674841286, "r4": 224.81899175479492, "r5": 214.41410508662688, "r6": 285.9744710742262, "r7": 284.55935277038515}, "datetime": {"datetime": "2022-04-28 00:16:25", "elapsed": 0.548084, "delta": 0.018475}}
{"target": 330.3189392089844, "params": {"r1": 185.02636645547543, "r2": 293.0198804037352, "r3": 143.05157666928824, "r4": 134.0026086935311, "r5": 135.66504002887896, "r6": 206.07581147861038, "r7": 114.08971300209761}, "datetime": {"datetime": "2022-04-28 00:16:25", "elapsed": 0.566586, "delta": 0.018502}}
{"target": 330.3189392089844, "params": {"r1": 290.1143401313594, "r2": 267.1519395224392, "r3": 112.85360634100326, "r4": 143.4772885592605, "r5": 173.09207912969902, "r6": 134.88940051407423, "r7": 263.8032315040506}, "datetime": {"datetime": "2022-04-28 00:16:25", "elapsed": 0.585079, "delta": 0.018493}}
{"target": 330.3189392089844, "params": {"r1": 175.49996400982576, "r2": 288.6204216433398, "r3": 220.58269418994522, "r4": 276.9780770382504, "r5": 270.4995446245222, "r6": 282.02454055464335, "r7": 197.37725050519333}, "datetime": {"datetime": "2022-04-28 00:16:25", "elapsed": 0.60356, "delta": 0.018481}}
{"target": 330.3189392089844, "params": {"r1": 213.80589504387092, "r2": 261.7346823188875, "r3": 164.28658182948803, "r4": 203.14816929778627, "r5": 223.83095845271689, "r6": 112.95132235465879, "r7": 222.76146755736107}, "datetime": {"datetime": "2022-04-28 00:16:25", "elapsed": 0.622055, "delta": 0.018495}}
{"target": 330.3189392089844, "params": {"r1": 192.39850630799708, "r2": 263.3985004881199, "r3": 169.89651258812086, "r4": 279.6488546197787, "r5": 219.79287090406174, "r6": 144.96193830921837, "r7": 259.70655442684586}, "datetime": {"datetime": "2022-04-28 00:16:25", "elapsed": 0.640571, "delta": 0.018516}}
{"target": 330.3189392089844, "params": {"r1": 226.28592363853744, "r2": 120.24276169401307, "r3": 189.83679920021513, "r4": 239.02307894743163, "r5": 284.53433781572994, "r6": 110.07638472935791, "r7": 295.5842383159013}, "datetime": {"datetime": "2022-04-28 00:16:25", "elapsed": 0.659071, "delta": 0.0185}}
{"target": 330.3189392089844, "params": {"r1": 181.55025980169717, "r2": 295.0188722880813, "r3": 224.89605918507007, "r4": 267.4807035163317, "r5": 219.19518589453943, "r6": 229.33447767839658, "r7": 164.25949352218186}, "datetime": {"datetime": "2022-04-28 00:16:25", "elapsed": 0.677567, "delta": 0.018496}}
{"target": 330.3189392089844, "params": {"r1": 221.49833472465576, "r2": 252.50413510350538, "r3": 273.07962892151806, "r4": 253.46561580885924, "r5": 242.63087720498757, "r6": 274.251091710374, "r7": 171.30938939898184}, "datetime": {"datetime": "2022-04-28 00:16:25", "elapsed": 0.696039, "delta": 0.018472}}
{"target": 330.3189392089844, "params": {"r1": 237.44987024964158, "r2": 195.66604791853632, "r3": 182.59952288598828, "r4": 188.05415648521526, "r5": 186.2811208592127, "r6": 170.30294973207262, "r7": 228.16467990485728}, "datetime": {"datetime": "2022-04-28 00:16:25", "elapsed": 0.714538, "delta": 0.018499}}
{"target": 330.3189392089844, "params": {"r1": 191.74698145604023, "r2": 295.02239480617794, "r3": 238.78216937251912, "r4": 147.72827880115108, "r5": 191.07319177612624, "r6": 175.2357855571404, "r7": 261.55137275212763}, "datetime": {"datetime": "2022-04-28 00:16:25", "elapsed": 0.733042, "delta": 0.018504}}
{"target": 330.3189392089844, "params": {"r1": 277.19967482705204, "r2": 281.72997160701067, "r3": 235.91676435129983, "r4": 161.33956978565396, "r5": 157.94967328587205, "r6": 272.43060911250643, "r7": 210.26578279866186}, "datetime": {"datetime": "2022-04-28 00:16:25", "elapsed": 0.751548, "delta": 0.018506}}
{"target": 330.3189392089844, "params": {"r1": 262.4106059608736, "r2": 218.77281826640518, "r3": 249.29707980462712, "r4": 208.61220921817062, "r5": 256.4679429953587, "r6": 218.08301823389596, "r7": 198.48487693247637}, "datetime": {"datetime": "2022-04-28 00:16:25", "elapsed": 0.770035, "delta": 0.018487}}
{"target": 330.3189392089844, "params": {"r1": 175.11089251112355, "r2": 122.95977619917379, "r3": 181.80559407233898, "r4": 125.12895476266795, "r5": 296.73525160878455, "r6": 144.50644175284512, "r7": 264.25315256690254}, "datetime": {"datetime": "2022-04-28 00:16:25", "elapsed": 0.788556, "delta": 0.018521}}
{"target": 330.3189392089844, "params": {"r1": 276.2427125416207, "r2": 240.79851795332922, "r3": 218.2039384216214, "r4": 140.58457299496567, "r5": 198.70720432502821, "r6": 175.58268971949084, "r7": 152.75759198467608}, "datetime": {"datetime": "2022-04-28 00:16:25", "elapsed": 0.807068, "delta": 0.018512}}
{"target": 330.3189392089844, "params": {"r1": 222.5772550655014, "r2": 169.33126916336423, "r3": 284.09805515898665, "r4": 282.83074974079585, "r5": 158.85247581861728, "r6": 131.06934714136554, "r7": 146.66291908363144}, "datetime": {"datetime": "2022-04-28 00:16:25", "elapsed": 0.825581, "delta": 0.018513}}
{"target": 330.3189392089844, "params": {"r1": 204.92099242898837, "r2": 248.43127691517327, "r3": 149.5569432976704, "r4": 157.12637609167385, "r5": 271.8176562379097, "r6": 189.01125647083018, "r7": 227.17016275949487}, "datetime": {"datetime": "2022-04-28 00:16:25", "elapsed": 0.844087, "delta": 0.018506}}
{"target": 330.3189392089844, "params": {"r1": 154.3965664554575, "r2": 129.3737792909015, "r3": 208.01283322402065, "r4": 200.65678753945866, "r5": 139.007612377701, "r6": 228.14318403067892, "r7": 213.36192257464825}, "datetime": {"datetime": "2022-04-28 00:16:25", "elapsed": 0.86263, "delta": 0.018543}}
{"target": 330.3189392089844, "params": {"r1": 234.28609592444144, "r2": 137.46365262368536, "r3": 252.79028525569635, "r4": 152.18933656198533, "r5": 208.67684662954628, "r6": 259.2062453621076, "r7": 114.24278131844318}, "datetime": {"datetime": "2022-04-28 00:16:25", "elapsed": 0.881152, "delta": 0.018522}}
{"target": 330.3189392089844, "params": {"r1": 171.62886734797544, "r2": 275.8552515160211, "r3": 270.4948254443932, "r4": 212.3037125929633, "r5": 274.65557209163745, "r6": 290.46313835718905, "r7": 267.01732954957487}, "datetime": {"datetime": "2022-04-28 00:16:26", "elapsed": 0.899651, "delta": 0.018499}}
{"target": 330.3189392089844, "params": {"r1": 272.2819343289424, "r2": 128.7612463458662, "r3": 233.7478231447883, "r4": 243.66822774900407, "r5": 225.94575440285962, "r6": 261.92689972984533, "r7": 116.56853177561051}, "datetime": {"datetime": "2022-04-28 00:16:26", "elapsed": 0.918148, "delta": 0.018497}}
{"target": 330.3189392089844, "params": {"r1": 256.3453595654462, "r2": 249.02843414051011, "r3": 159.34269472668709, "r4": 158.84316677620788, "r5": 230.13763031172428, "r6": 175.6065177023055, "r7": 261.35184882138464}, "datetime": {"datetime": "2022-04-28 00:16:26", "elapsed": 0.936645, "delta": 0.018497}}
{"target": 330.3189392089844, "params": {"r1": 194.7677840806569, "r2": 258.72238880899266, "r3": 298.18963888852977, "r4": 167.047184511441, "r5": 137.17110736903888, "r6": 281.24860290636207, "r7": 212.89628198860092}, "datetime": {"datetime": "2022-04-28 00:16:26", "elapsed": 0.955144, "delta": 0.018499}}
{"target": 330.3189392089844, "params": {"r1": 295.2006704624656, "r2": 230.95483600036047, "r3": 298.843474675991, "r4": 213.75345278716082, "r5": 210.02092744204904, "r6": 135.73130158371228, "r7": 177.58398248693743}, "datetime": {"datetime": "2022-04-28 00:16:26", "elapsed": 0.973646, "delta": 0.018502}}
{"target": 330.3189392089844, "params": {"r1": 114.98152778631092, "r2": 140.47508410873334, "r3": 251.67106661442426, "r4": 115.77594108646989, "r5": 179.64318847631142, "r6": 273.8457880392284, "r7": 241.60876632639733}, "datetime": {"datetime": "2022-04-28 00:16:26", "elapsed": 0.992145, "delta": 0.018499}}
{"target": 330.3189392089844, "params": {"r1": 241.27900699257202, "r2": 145.84099218150908, "r3": 193.96181334220046, "r4": 220.49970739541533, "r5": 298.05282445610396, "r6": 148.74218279429314, "r7": 157.06925133484742}, "datetime": {"datetime": "2022-04-28 00:16:26", "elapsed": 1.010683, "delta": 0.018538}}
{"target": 330.3189392089844, "params": {"r1": 159.81288591685328, "r2": 252.53275852661864, "r3": 196.82531221278163, "r4": 120.81659329810805, "r5": 206.61808571594554, "r6": 150.27243128229844, "r7": 261.7348065044399}, "datetime": {"datetime": "2022-04-28 00:16:26", "elapsed": 1.029215, "delta": 0.018532}}
{"target": 330.3189392089844, "params": {"r1": 166.4929624863817, "r2": 115.24514227135569, "r3": 222.752165398278, "r4": 270.3296814969259, "r5": 182.39306357182068, "r6": 252.47307903796724, "r7": 207.11688087645436}, "datetime": {"datetime": "2022-04-28 00:16:26", "elapsed": 1.047746, "delta": 0.018531}}
{"target": 330.3189392089844, "params": {"r1": 212.78084294281584, "r2": 292.29252100173295, "r3": 262.75256938474286, "r4": 116.14138265847906, "r5": 244.78357773394606, "r6": 198.35028149706613, "r7": 290.034298865069}, "datetime": {"datetime": "2022-04-28 00:16:26", "elapsed": 1.066265, "delta": 0.018519}}
{"target": 330.3189392089844, "params": {"r1": 152.07221952146278, "r2": 160.7436837400295, "r3": 125.48005332667978, "r4": 191.43757744611946, "r5": 130.71356516362297, "r6": 230.4194845162644, "r7": 262.5630151010102}, "datetime": {"datetime": "2022-04-28 00:16:26", "elapsed": 1.084791, "delta": 0.018526}}
{"target": 330.3189392089844, "params": {"r1": 242.39209426283392, "r2": 255.5801624043964, "r3": 175.06628277026877, "r4": 270.7117817752587, "r5": 191.46606724989408, "r6": 266.5618753783406, "r7": 229.0342701386158}, "datetime": {"datetime": "2022-04-28 00:16:26", "elapsed": 1.103302, "delta": 0.018511}}
{"target": 330.3189392089844, "params": {"r1": 137.25037924734653, "r2": 124.89351097244011, "r3": 113.48320215347138, "r4": 122.67774955147773, "r5": 197.13092460460206, "r6": 131.5349653258422, "r7": 115.2788362812473}, "datetime": {"datetime": "2022-04-28 00:16:26", "elapsed": 1.12181, "delta": 0.018508}}
{"target": 330.3189392089844, "params": {"r1": 253.4236814641888, "r2": 185.0215912875215, "r3": 251.91831416542976, "r4": 195.9569170818258, "r5": 195.5164819301446, "r6": 200.83377627638788, "r7": 200.06074604681686}, "datetime": {"datetime": "2022-04-28 00:16:26", "elapsed": 1.140313, "delta": 0.018503}}
{"target": 330.3189392089844, "params": {"r1": 262.60103500169225, "r2": 186.4545787729698, "r3": 281.89037046528836, "r4": 117.04159911126682, "r5": 257.03612511687953, "r6": 133.8718624161704, "r7": 227.51757771329625}, "datetime": {"datetime": "2022-04-28 00:16:26", "elapsed": 1.15883, "delta": 0.018517}}
{"target": 330.3189392089844, "params": {"r1": 111.96920965369407, "r2": 212.33918368950592, "r3": 110.5734117577233, "r4": 290.72681924313883, "r5": 282.0263864035278, "r6": 261.2337189690312, "r7": 283.9021207838096}, "datetime": {"datetime": "2022-04-28 00:16:26", "elapsed": 1.177342, "delta": 0.018512}}
{"target": 330.3189392089844, "params": {"r1": 137.65606392009545, "r2": 139.9687132754013, "r3": 145.65001785146245, "r4": 228.27422143698502, "r5": 282.10380424157734, "r6": 298.091483888224, "r7": 245.11326716550502}, "datetime": {"datetime": "2022-04-28 00:16:26", "elapsed": 1.195871, "delta": 0.018529}}
{"target": 330.3189392089844, "params": {"r1": 249.0420777370361, "r2": 282.76570886340835, "r3": 186.16600915051296, "r4": 157.471629242757, "r5": 142.95173244955333, "r6": 132.6968395634085, "r7": 264.3960117262375}, "datetime": {"datetime": "2022-04-28 00:16:26", "elapsed": 1.214411, "delta": 0.01854}}
{"target": 330.3189392089844, "params": {"r1": 137.8905509492762, "r2": 160.21652171811112, "r3": 265.6269439403709, "r4": 169.0115778408999, "r5": 296.65931536565915, "r6": 160.6613534088107, "r7": 211.39413554453017}, "datetime": {"datetime": "2022-04-28 00:16:26", "elapsed": 1.232941, "delta": 0.01853}}
{"target": 330.3189392089844, "params": {"r1": 169.74873212531142, "r2": 283.0468379230291, "r3": 179.64576233173455, "r4": 192.38254218190127, "r5": 207.33561153288866, "r6": 288.3884307002455, "r7": 115.88031119151863}, "datetime": {"datetime": "2022-04-28 00:16:26", "elapsed": 1.251476, "delta": 0.018535}}
{"target": 330.3189392089844, "params": {"r1": 246.20694609002095, "r2": 279.2936013155444, "r3": 115.18457246831908, "r4": 209.18973697797702, "r5": 171.9380642363048, "r6": 273.30297096446134, "r7": 216.1181446752784}, "datetime": {"datetime": "2022-04-28 00:16:26", "elapsed": 1.269998, "delta": 0.018522}}
{"target": 330.3189392089844, "params": {"r1": 241.1432949509221, "r2": 196.04216499079212, "r3": 229.37871712905786, "r4": 165.1184018206109, "r5": 111.776229813638, "r6": 219.58362764754725, "r7": 169.17440068516794}, "datetime": {"datetime": "2022-04-28 00:16:26", "elapsed": 1.28853, "delta": 0.018532}}
